==5682== Memcheck, a memory error detector
==5682== Copyright (C) 2002-2017, and GNU GPL'd, by Julian Seward et al.
==5682== Using Valgrind-3.15.0 and LibVEX; rerun with -h for copyright info
==5682== Command: ./bin/cub3d Maps/map1.cub
==5682== Parent PID: 4269
==5682== 
==5682== 
==5682== HEAP SUMMARY:
==5682==     in use at exit: 70,393 bytes in 72 blocks
==5682==   total heap usage: 5,680 allocs, 5,608 frees, 307,453 bytes allocated
==5682== 
==5682== 3 bytes in 1 blocks are still reachable in loss record 1 of 44
==5682==    at 0x483B7F3: malloc (in /usr/lib/x86_64-linux-gnu/valgrind/vgpreload_memcheck-amd64-linux.so)
==5682==    by 0x4A5838E: strdup (strdup.c:42)
==5682==    by 0x4895385: XOpenDisplay (in /usr/lib/x86_64-linux-gnu/libX11.so.6.3.0)
==5682==    by 0x4043E7: mlx_init (in /mnt/nfs/homes/tbrebion/Desktop/Github/cub3d/bin/cub3d)
==5682==    by 0x40286A: init_mlx (render.c:19)
==5682==    by 0x4024DA: main (cub3d.c:30)
==5682== 
==5682== 8 bytes in 1 blocks are still reachable in loss record 2 of 44
==5682==    at 0x483B7F3: malloc (in /usr/lib/x86_64-linux-gnu/valgrind/vgpreload_memcheck-amd64-linux.so)
==5682==    by 0x4A5838E: strdup (strdup.c:42)
==5682==    by 0x488F25E: XInitExtension (in /usr/lib/x86_64-linux-gnu/libX11.so.6.3.0)
==5682==    by 0x49B23F0: XextAddDisplay (in /usr/lib/x86_64-linux-gnu/libXext.so.6.4.0)
==5682==    by 0x49AD7B2: XShmQueryVersion (in /usr/lib/x86_64-linux-gnu/libXext.so.6.4.0)
==5682==    by 0x404223: mlx_int_deal_shm (in /mnt/nfs/homes/tbrebion/Desktop/Github/cub3d/bin/cub3d)
==5682==    by 0x4044A1: mlx_init (in /mnt/nfs/homes/tbrebion/Desktop/Github/cub3d/bin/cub3d)
==5682==    by 0x40286A: init_mlx (render.c:19)
==5682==    by 0x4024DA: main (cub3d.c:30)
==5682== 
==5682== 8 bytes in 1 blocks are still reachable in loss record 3 of 44
==5682==    at 0x483B7F3: malloc (in /usr/lib/x86_64-linux-gnu/valgrind/vgpreload_memcheck-amd64-linux.so)
==5682==    by 0x49B2144: ??? (in /usr/lib/x86_64-linux-gnu/libXext.so.6.4.0)
==5682==    by 0x49B21AE: ??? (in /usr/lib/x86_64-linux-gnu/libXext.so.6.4.0)
==5682==    by 0x49B25A2: XextAddDisplay (in /usr/lib/x86_64-linux-gnu/libXext.so.6.4.0)
==5682==    by 0x49AD7B2: XShmQueryVersion (in /usr/lib/x86_64-linux-gnu/libXext.so.6.4.0)
==5682==    by 0x404223: mlx_int_deal_shm (in /mnt/nfs/homes/tbrebion/Desktop/Github/cub3d/bin/cub3d)
==5682==    by 0x4044A1: mlx_init (in /mnt/nfs/homes/tbrebion/Desktop/Github/cub3d/bin/cub3d)
==5682==    by 0x40286A: init_mlx (render.c:19)
==5682==    by 0x4024DA: main (cub3d.c:30)
==5682== 
==5682== 10 bytes in 1 blocks are still reachable in loss record 4 of 44
==5682==    at 0x483B7F3: malloc (in /usr/lib/x86_64-linux-gnu/valgrind/vgpreload_memcheck-amd64-linux.so)
==5682==    by 0x4A5838E: strdup (strdup.c:42)
==5682==    by 0x488F25E: XInitExtension (in /usr/lib/x86_64-linux-gnu/libX11.so.6.3.0)
==5682==    by 0x48FBC43: XkbUseExtension (in /usr/lib/x86_64-linux-gnu/libX11.so.6.3.0)
==5682==    by 0x4895E19: XOpenDisplay (in /usr/lib/x86_64-linux-gnu/libX11.so.6.3.0)
==5682==    by 0x4043E7: mlx_init (in /mnt/nfs/homes/tbrebion/Desktop/Github/cub3d/bin/cub3d)
==5682==    by 0x40286A: init_mlx (render.c:19)
==5682==    by 0x4024DA: main (cub3d.c:30)
==5682== 
==5682== 16 bytes in 1 blocks are still reachable in loss record 5 of 44
==5682==    at 0x483B7F3: malloc (in /usr/lib/x86_64-linux-gnu/valgrind/vgpreload_memcheck-amd64-linux.so)
==5682==    by 0x4BB9F81: ??? (in /usr/lib/x86_64-linux-gnu/libxcb.so.1.1.0)
==5682==    by 0x4BB83FB: ??? (in /usr/lib/x86_64-linux-gnu/libxcb.so.1.1.0)
==5682==    by 0x4BB68F5: xcb_connect_to_fd (in /usr/lib/x86_64-linux-gnu/libxcb.so.1.1.0)
==5682==    by 0x4BBAB72: xcb_connect_to_display_with_auth_info (in /usr/lib/x86_64-linux-gnu/libxcb.so.1.1.0)
==5682==    by 0x48A4D29: _XConnectXCB (in /usr/lib/x86_64-linux-gnu/libX11.so.6.3.0)
==5682==    by 0x48953A8: XOpenDisplay (in /usr/lib/x86_64-linux-gnu/libX11.so.6.3.0)
==5682==    by 0x4043E7: mlx_init (in /mnt/nfs/homes/tbrebion/Desktop/Github/cub3d/bin/cub3d)
==5682==    by 0x40286A: init_mlx (render.c:19)
==5682==    by 0x4024DA: main (cub3d.c:30)
==5682== 
==5682== 21 bytes in 1 blocks are still reachable in loss record 6 of 44
==5682==    at 0x483B7F3: malloc (in /usr/lib/x86_64-linux-gnu/valgrind/vgpreload_memcheck-amd64-linux.so)
==5682==    by 0x489583C: XOpenDisplay (in /usr/lib/x86_64-linux-gnu/libX11.so.6.3.0)
==5682==    by 0x4043E7: mlx_init (in /mnt/nfs/homes/tbrebion/Desktop/Github/cub3d/bin/cub3d)
==5682==    by 0x40286A: init_mlx (render.c:19)
==5682==    by 0x4024DA: main (cub3d.c:30)
==5682== 
==5682== 24 bytes in 1 blocks are still reachable in loss record 7 of 44
==5682==    at 0x483B7F3: malloc (in /usr/lib/x86_64-linux-gnu/valgrind/vgpreload_memcheck-amd64-linux.so)
==5682==    by 0x49B2351: XextCreateExtension (in /usr/lib/x86_64-linux-gnu/libXext.so.6.4.0)
==5682==    by 0x49B1E1C: ??? (in /usr/lib/x86_64-linux-gnu/libXext.so.6.4.0)
==5682==    by 0x49B219B: ??? (in /usr/lib/x86_64-linux-gnu/libXext.so.6.4.0)
==5682==    by 0x49B25A2: XextAddDisplay (in /usr/lib/x86_64-linux-gnu/libXext.so.6.4.0)
==5682==    by 0x49AD7B2: XShmQueryVersion (in /usr/lib/x86_64-linux-gnu/libXext.so.6.4.0)
==5682==    by 0x404223: mlx_int_deal_shm (in /mnt/nfs/homes/tbrebion/Desktop/Github/cub3d/bin/cub3d)
==5682==    by 0x4044A1: mlx_init (in /mnt/nfs/homes/tbrebion/Desktop/Github/cub3d/bin/cub3d)
==5682==    by 0x40286A: init_mlx (render.c:19)
==5682==    by 0x4024DA: main (cub3d.c:30)
==5682== 
==5682== 24 bytes in 1 blocks are still reachable in loss record 8 of 44
==5682==    at 0x483B7F3: malloc (in /usr/lib/x86_64-linux-gnu/valgrind/vgpreload_memcheck-amd64-linux.so)
==5682==    by 0x4A5838E: strdup (strdup.c:42)
==5682==    by 0x488F25E: XInitExtension (in /usr/lib/x86_64-linux-gnu/libX11.so.6.3.0)
==5682==    by 0x49B23F0: XextAddDisplay (in /usr/lib/x86_64-linux-gnu/libXext.so.6.4.0)
==5682==    by 0x49B1E5A: ??? (in /usr/lib/x86_64-linux-gnu/libXext.so.6.4.0)
==5682==    by 0x49B219B: ??? (in /usr/lib/x86_64-linux-gnu/libXext.so.6.4.0)
==5682==    by 0x49B25A2: XextAddDisplay (in /usr/lib/x86_64-linux-gnu/libXext.so.6.4.0)
==5682==    by 0x49AD7B2: XShmQueryVersion (in /usr/lib/x86_64-linux-gnu/libXext.so.6.4.0)
==5682==    by 0x404223: mlx_int_deal_shm (in /mnt/nfs/homes/tbrebion/Desktop/Github/cub3d/bin/cub3d)
==5682==    by 0x4044A1: mlx_init (in /mnt/nfs/homes/tbrebion/Desktop/Github/cub3d/bin/cub3d)
==5682==    by 0x40286A: init_mlx (render.c:19)
==5682==    by 0x4024DA: main (cub3d.c:30)
==5682== 
==5682== 24 bytes in 1 blocks are still reachable in loss record 9 of 44
==5682==    at 0x483B7F3: malloc (in /usr/lib/x86_64-linux-gnu/valgrind/vgpreload_memcheck-amd64-linux.so)
==5682==    by 0x49B21CD: ??? (in /usr/lib/x86_64-linux-gnu/libXext.so.6.4.0)
==5682==    by 0x49B25A2: XextAddDisplay (in /usr/lib/x86_64-linux-gnu/libXext.so.6.4.0)
==5682==    by 0x49AD7B2: XShmQueryVersion (in /usr/lib/x86_64-linux-gnu/libXext.so.6.4.0)
==5682==    by 0x404223: mlx_int_deal_shm (in /mnt/nfs/homes/tbrebion/Desktop/Github/cub3d/bin/cub3d)
==5682==    by 0x4044A1: mlx_init (in /mnt/nfs/homes/tbrebion/Desktop/Github/cub3d/bin/cub3d)
==5682==    by 0x40286A: init_mlx (render.c:19)
==5682==    by 0x4024DA: main (cub3d.c:30)
==5682== 
==5682== 29 bytes in 1 blocks are still reachable in loss record 10 of 44
==5682==    at 0x483B7F3: malloc (in /usr/lib/x86_64-linux-gnu/valgrind/vgpreload_memcheck-amd64-linux.so)
==5682==    by 0x489014D: _XUpdateAtomCache (in /usr/lib/x86_64-linux-gnu/libX11.so.6.3.0)
==5682==    by 0x4890519: XInternAtom (in /usr/lib/x86_64-linux-gnu/libX11.so.6.3.0)
==5682==    by 0x404492: mlx_init (in /mnt/nfs/homes/tbrebion/Desktop/Github/cub3d/bin/cub3d)
==5682==    by 0x40286A: init_mlx (render.c:19)
==5682==    by 0x4024DA: main (cub3d.c:30)
==5682== 
==5682== 32 bytes in 1 blocks are still reachable in loss record 11 of 44
==5682==    at 0x483B723: malloc (in /usr/lib/x86_64-linux-gnu/valgrind/vgpreload_memcheck-amd64-linux.so)
==5682==    by 0x483E017: realloc (in /usr/lib/x86_64-linux-gnu/valgrind/vgpreload_memcheck-amd64-linux.so)
==5682==    by 0x4BB9B9E: ??? (in /usr/lib/x86_64-linux-gnu/libxcb.so.1.1.0)
==5682==    by 0x4BB9C2B: xcb_get_extension_data (in /usr/lib/x86_64-linux-gnu/libxcb.so.1.1.0)
==5682==    by 0x4BB713E: xcb_prefetch_maximum_request_length (in /usr/lib/x86_64-linux-gnu/libxcb.so.1.1.0)
==5682==    by 0x4BB71B4: xcb_get_maximum_request_length (in /usr/lib/x86_64-linux-gnu/libxcb.so.1.1.0)
==5682==    by 0x4895CD8: XOpenDisplay (in /usr/lib/x86_64-linux-gnu/libX11.so.6.3.0)
==5682==    by 0x4043E7: mlx_init (in /mnt/nfs/homes/tbrebion/Desktop/Github/cub3d/bin/cub3d)
==5682==    by 0x40286A: init_mlx (render.c:19)
==5682==    by 0x4024DA: main (cub3d.c:30)
==5682== 
==5682== 32 bytes in 1 blocks are still reachable in loss record 12 of 44
==5682==    at 0x483B7F3: malloc (in /usr/lib/x86_64-linux-gnu/valgrind/vgpreload_memcheck-amd64-linux.so)
==5682==    by 0x4BB90C5: ??? (in /usr/lib/x86_64-linux-gnu/libxcb.so.1.1.0)
==5682==    by 0x4BB6E9E: ??? (in /usr/lib/x86_64-linux-gnu/libxcb.so.1.1.0)
==5682==    by 0x4BB861E: ??? (in /usr/lib/x86_64-linux-gnu/libxcb.so.1.1.0)
==5682==    by 0x4BB8734: xcb_wait_for_reply (in /usr/lib/x86_64-linux-gnu/libxcb.so.1.1.0)
==5682==    by 0x4BB9C82: xcb_get_extension_data (in /usr/lib/x86_64-linux-gnu/libxcb.so.1.1.0)
==5682==    by 0x4BB713E: xcb_prefetch_maximum_request_length (in /usr/lib/x86_64-linux-gnu/libxcb.so.1.1.0)
==5682==    by 0x4BB71B4: xcb_get_maximum_request_length (in /usr/lib/x86_64-linux-gnu/libxcb.so.1.1.0)
==5682==    by 0x4895CD8: XOpenDisplay (in /usr/lib/x86_64-linux-gnu/libX11.so.6.3.0)
==5682==    by 0x4043E7: mlx_init (in /mnt/nfs/homes/tbrebion/Desktop/Github/cub3d/bin/cub3d)
==5682==    by 0x40286A: init_mlx (render.c:19)
==5682==    by 0x4024DA: main (cub3d.c:30)
==5682== 
==5682== 32 bytes in 1 blocks are still reachable in loss record 13 of 44
==5682==    at 0x483B7F3: malloc (in /usr/lib/x86_64-linux-gnu/valgrind/vgpreload_memcheck-amd64-linux.so)
==5682==    by 0x49B23CF: XextAddDisplay (in /usr/lib/x86_64-linux-gnu/libXext.so.6.4.0)
==5682==    by 0x49AD7B2: XShmQueryVersion (in /usr/lib/x86_64-linux-gnu/libXext.so.6.4.0)
==5682==    by 0x404223: mlx_int_deal_shm (in /mnt/nfs/homes/tbrebion/Desktop/Github/cub3d/bin/cub3d)
==5682==    by 0x4044A1: mlx_init (in /mnt/nfs/homes/tbrebion/Desktop/Github/cub3d/bin/cub3d)
==5682==    by 0x40286A: init_mlx (render.c:19)
==5682==    by 0x4024DA: main (cub3d.c:30)
==5682== 
==5682== 32 bytes in 1 blocks are still reachable in loss record 14 of 44
==5682==    at 0x483B7F3: malloc (in /usr/lib/x86_64-linux-gnu/valgrind/vgpreload_memcheck-amd64-linux.so)
==5682==    by 0x49B23CF: XextAddDisplay (in /usr/lib/x86_64-linux-gnu/libXext.so.6.4.0)
==5682==    by 0x49B1E5A: ??? (in /usr/lib/x86_64-linux-gnu/libXext.so.6.4.0)
==5682==    by 0x49B219B: ??? (in /usr/lib/x86_64-linux-gnu/libXext.so.6.4.0)
==5682==    by 0x49B25A2: XextAddDisplay (in /usr/lib/x86_64-linux-gnu/libXext.so.6.4.0)
==5682==    by 0x49AD7B2: XShmQueryVersion (in /usr/lib/x86_64-linux-gnu/libXext.so.6.4.0)
==5682==    by 0x404223: mlx_int_deal_shm (in /mnt/nfs/homes/tbrebion/Desktop/Github/cub3d/bin/cub3d)
==5682==    by 0x4044A1: mlx_init (in /mnt/nfs/homes/tbrebion/Desktop/Github/cub3d/bin/cub3d)
==5682==    by 0x40286A: init_mlx (render.c:19)
==5682==    by 0x4024DA: main (cub3d.c:30)
==5682== 
==5682== 33 bytes in 1 blocks are still reachable in loss record 15 of 44
==5682==    at 0x483B7F3: malloc (in /usr/lib/x86_64-linux-gnu/valgrind/vgpreload_memcheck-amd64-linux.so)
==5682==    by 0x489014D: _XUpdateAtomCache (in /usr/lib/x86_64-linux-gnu/libX11.so.6.3.0)
==5682==    by 0x4890519: XInternAtom (in /usr/lib/x86_64-linux-gnu/libX11.so.6.3.0)
==5682==    by 0x40447B: mlx_init (in /mnt/nfs/homes/tbrebion/Desktop/Github/cub3d/bin/cub3d)
==5682==    by 0x40286A: init_mlx (render.c:19)
==5682==    by 0x4024DA: main (cub3d.c:30)
==5682== 
==5682== 40 bytes in 1 blocks are still reachable in loss record 16 of 44
==5682==    at 0x483B7F3: malloc (in /usr/lib/x86_64-linux-gnu/valgrind/vgpreload_memcheck-amd64-linux.so)
==5682==    by 0x48A6DD1: _XPollfdCacheInit (in /usr/lib/x86_64-linux-gnu/libX11.so.6.3.0)
==5682==    by 0x489566F: XOpenDisplay (in /usr/lib/x86_64-linux-gnu/libX11.so.6.3.0)
==5682==    by 0x4043E7: mlx_init (in /mnt/nfs/homes/tbrebion/Desktop/Github/cub3d/bin/cub3d)
==5682==    by 0x40286A: init_mlx (render.c:19)
==5682==    by 0x4024DA: main (cub3d.c:30)
==5682== 
==5682== 48 bytes in 1 blocks are still reachable in loss record 17 of 44
==5682==    at 0x483B7F3: malloc (in /usr/lib/x86_64-linux-gnu/valgrind/vgpreload_memcheck-amd64-linux.so)
==5682==    by 0x48A4CB1: _XConnectXCB (in /usr/lib/x86_64-linux-gnu/libX11.so.6.3.0)
==5682==    by 0x48953A8: XOpenDisplay (in /usr/lib/x86_64-linux-gnu/libX11.so.6.3.0)
==5682==    by 0x4043E7: mlx_init (in /mnt/nfs/homes/tbrebion/Desktop/Github/cub3d/bin/cub3d)
==5682==    by 0x40286A: init_mlx (render.c:19)
==5682==    by 0x4024DA: main (cub3d.c:30)
==5682== 
==5682== 48 bytes in 1 blocks are still reachable in loss record 18 of 44
==5682==    at 0x483B7F3: malloc (in /usr/lib/x86_64-linux-gnu/valgrind/vgpreload_memcheck-amd64-linux.so)
==5682==    by 0x48A4CC7: _XConnectXCB (in /usr/lib/x86_64-linux-gnu/libX11.so.6.3.0)
==5682==    by 0x48953A8: XOpenDisplay (in /usr/lib/x86_64-linux-gnu/libX11.so.6.3.0)
==5682==    by 0x4043E7: mlx_init (in /mnt/nfs/homes/tbrebion/Desktop/Github/cub3d/bin/cub3d)
==5682==    by 0x40286A: init_mlx (render.c:19)
==5682==    by 0x4024DA: main (cub3d.c:30)
==5682== 
==5682== 72 bytes in 1 blocks are still reachable in loss record 19 of 44
==5682==    at 0x483DD99: calloc (in /usr/lib/x86_64-linux-gnu/valgrind/vgpreload_memcheck-amd64-linux.so)
==5682==    by 0x4895721: XOpenDisplay (in /usr/lib/x86_64-linux-gnu/libX11.so.6.3.0)
==5682==    by 0x4043E7: mlx_init (in /mnt/nfs/homes/tbrebion/Desktop/Github/cub3d/bin/cub3d)
==5682==    by 0x40286A: init_mlx (render.c:19)
==5682==    by 0x4024DA: main (cub3d.c:30)
==5682== 
==5682== 88 bytes in 1 blocks are still reachable in loss record 20 of 44
==5682==    at 0x483DD99: calloc (in /usr/lib/x86_64-linux-gnu/valgrind/vgpreload_memcheck-amd64-linux.so)
==5682==    by 0x404B4B: mlx_int_new_xshm_image (in /mnt/nfs/homes/tbrebion/Desktop/Github/cub3d/bin/cub3d)
==5682==    by 0x404E72: mlx_new_image (in /mnt/nfs/homes/tbrebion/Desktop/Github/cub3d/bin/cub3d)
==5682==    by 0x4028BF: init_mlx (render.c:22)
==5682==    by 0x4024DA: main (cub3d.c:30)
==5682== 
==5682== 104 bytes in 1 blocks are still reachable in loss record 21 of 44
==5682==    at 0x483DD99: calloc (in /usr/lib/x86_64-linux-gnu/valgrind/vgpreload_memcheck-amd64-linux.so)
==5682==    by 0x48A4BB2: _XConnectXCB (in /usr/lib/x86_64-linux-gnu/libX11.so.6.3.0)
==5682==    by 0x48953A8: XOpenDisplay (in /usr/lib/x86_64-linux-gnu/libX11.so.6.3.0)
==5682==    by 0x4043E7: mlx_init (in /mnt/nfs/homes/tbrebion/Desktop/Github/cub3d/bin/cub3d)
==5682==    by 0x40286A: init_mlx (render.c:19)
==5682==    by 0x4024DA: main (cub3d.c:30)
==5682== 
==5682== 112 bytes in 1 blocks are still reachable in loss record 22 of 44
==5682==    at 0x483DD99: calloc (in /usr/lib/x86_64-linux-gnu/valgrind/vgpreload_memcheck-amd64-linux.so)
==5682==    by 0x48959A0: XOpenDisplay (in /usr/lib/x86_64-linux-gnu/libX11.so.6.3.0)
==5682==    by 0x4043E7: mlx_init (in /mnt/nfs/homes/tbrebion/Desktop/Github/cub3d/bin/cub3d)
==5682==    by 0x40286A: init_mlx (render.c:19)
==5682==    by 0x4024DA: main (cub3d.c:30)
==5682== 
==5682== 128 bytes in 1 blocks are still reachable in loss record 23 of 44
==5682==    at 0x483DD99: calloc (in /usr/lib/x86_64-linux-gnu/valgrind/vgpreload_memcheck-amd64-linux.so)
==5682==    by 0x48958D0: XOpenDisplay (in /usr/lib/x86_64-linux-gnu/libX11.so.6.3.0)
==5682==    by 0x4043E7: mlx_init (in /mnt/nfs/homes/tbrebion/Desktop/Github/cub3d/bin/cub3d)
==5682==    by 0x40286A: init_mlx (render.c:19)
==5682==    by 0x4024DA: main (cub3d.c:30)
==5682== 
==5682== 128 bytes in 1 blocks are still reachable in loss record 24 of 44
==5682==    at 0x483DD99: calloc (in /usr/lib/x86_64-linux-gnu/valgrind/vgpreload_memcheck-amd64-linux.so)
==5682==    by 0x488F24E: XInitExtension (in /usr/lib/x86_64-linux-gnu/libX11.so.6.3.0)
==5682==    by 0x48FBC43: XkbUseExtension (in /usr/lib/x86_64-linux-gnu/libX11.so.6.3.0)
==5682==    by 0x4895E19: XOpenDisplay (in /usr/lib/x86_64-linux-gnu/libX11.so.6.3.0)
==5682==    by 0x4043E7: mlx_init (in /mnt/nfs/homes/tbrebion/Desktop/Github/cub3d/bin/cub3d)
==5682==    by 0x40286A: init_mlx (render.c:19)
==5682==    by 0x4024DA: main (cub3d.c:30)
==5682== 
==5682== 128 bytes in 1 blocks are still reachable in loss record 25 of 44
==5682==    at 0x483DD99: calloc (in /usr/lib/x86_64-linux-gnu/valgrind/vgpreload_memcheck-amd64-linux.so)
==5682==    by 0x488F24E: XInitExtension (in /usr/lib/x86_64-linux-gnu/libX11.so.6.3.0)
==5682==    by 0x49B23F0: XextAddDisplay (in /usr/lib/x86_64-linux-gnu/libXext.so.6.4.0)
==5682==    by 0x49AD7B2: XShmQueryVersion (in /usr/lib/x86_64-linux-gnu/libXext.so.6.4.0)
==5682==    by 0x404223: mlx_int_deal_shm (in /mnt/nfs/homes/tbrebion/Desktop/Github/cub3d/bin/cub3d)
==5682==    by 0x4044A1: mlx_init (in /mnt/nfs/homes/tbrebion/Desktop/Github/cub3d/bin/cub3d)
==5682==    by 0x40286A: init_mlx (render.c:19)
==5682==    by 0x4024DA: main (cub3d.c:30)
==5682== 
==5682== 128 bytes in 1 blocks are still reachable in loss record 26 of 44
==5682==    at 0x483DD99: calloc (in /usr/lib/x86_64-linux-gnu/valgrind/vgpreload_memcheck-amd64-linux.so)
==5682==    by 0x488F24E: XInitExtension (in /usr/lib/x86_64-linux-gnu/libX11.so.6.3.0)
==5682==    by 0x49B23F0: XextAddDisplay (in /usr/lib/x86_64-linux-gnu/libXext.so.6.4.0)
==5682==    by 0x49B1E5A: ??? (in /usr/lib/x86_64-linux-gnu/libXext.so.6.4.0)
==5682==    by 0x49B219B: ??? (in /usr/lib/x86_64-linux-gnu/libXext.so.6.4.0)
==5682==    by 0x49B25A2: XextAddDisplay (in /usr/lib/x86_64-linux-gnu/libXext.so.6.4.0)
==5682==    by 0x49AD7B2: XShmQueryVersion (in /usr/lib/x86_64-linux-gnu/libXext.so.6.4.0)
==5682==    by 0x404223: mlx_int_deal_shm (in /mnt/nfs/homes/tbrebion/Desktop/Github/cub3d/bin/cub3d)
==5682==    by 0x4044A1: mlx_init (in /mnt/nfs/homes/tbrebion/Desktop/Github/cub3d/bin/cub3d)
==5682==    by 0x40286A: init_mlx (render.c:19)
==5682==    by 0x4024DA: main (cub3d.c:30)
==5682== 
==5682== 136 bytes in 1 blocks are still reachable in loss record 27 of 44
==5682==    at 0x483DD99: calloc (in /usr/lib/x86_64-linux-gnu/valgrind/vgpreload_memcheck-amd64-linux.so)
==5682==    by 0x49ADBB3: XShmCreateImage (in /usr/lib/x86_64-linux-gnu/libXext.so.6.4.0)
==5682==    by 0x404B76: mlx_int_new_xshm_image (in /mnt/nfs/homes/tbrebion/Desktop/Github/cub3d/bin/cub3d)
==5682==    by 0x404E72: mlx_new_image (in /mnt/nfs/homes/tbrebion/Desktop/Github/cub3d/bin/cub3d)
==5682==    by 0x4028BF: init_mlx (render.c:22)
==5682==    by 0x4024DA: main (cub3d.c:30)
==5682== 
==5682== 149 bytes in 1 blocks are still reachable in loss record 28 of 44
==5682==    at 0x483B7F3: malloc (in /usr/lib/x86_64-linux-gnu/valgrind/vgpreload_memcheck-amd64-linux.so)
==5682==    by 0x4895E81: XOpenDisplay (in /usr/lib/x86_64-linux-gnu/libX11.so.6.3.0)
==5682==    by 0x4043E7: mlx_init (in /mnt/nfs/homes/tbrebion/Desktop/Github/cub3d/bin/cub3d)
==5682==    by 0x40286A: init_mlx (render.c:19)
==5682==    by 0x4024DA: main (cub3d.c:30)
==5682== 
==5682== 152 bytes in 1 blocks are still reachable in loss record 29 of 44
==5682==    at 0x483DD99: calloc (in /usr/lib/x86_64-linux-gnu/valgrind/vgpreload_memcheck-amd64-linux.so)
==5682==    by 0x48FBE3E: XkbUseExtension (in /usr/lib/x86_64-linux-gnu/libX11.so.6.3.0)
==5682==    by 0x4895E19: XOpenDisplay (in /usr/lib/x86_64-linux-gnu/libX11.so.6.3.0)
==5682==    by 0x4043E7: mlx_init (in /mnt/nfs/homes/tbrebion/Desktop/Github/cub3d/bin/cub3d)
==5682==    by 0x40286A: init_mlx (render.c:19)
==5682==    by 0x4024DA: main (cub3d.c:30)
==5682== 
==5682== 160 bytes in 1 blocks are still reachable in loss record 30 of 44
==5682==    at 0x483B7F3: malloc (in /usr/lib/x86_64-linux-gnu/valgrind/vgpreload_memcheck-amd64-linux.so)
==5682==    by 0x488382F: XCreateGC (in /usr/lib/x86_64-linux-gnu/libX11.so.6.3.0)
==5682==    by 0x4895D48: XOpenDisplay (in /usr/lib/x86_64-linux-gnu/libX11.so.6.3.0)
==5682==    by 0x4043E7: mlx_init (in /mnt/nfs/homes/tbrebion/Desktop/Github/cub3d/bin/cub3d)
==5682==    by 0x40286A: init_mlx (render.c:19)
==5682==    by 0x4024DA: main (cub3d.c:30)
==5682== 
==5682== 168 bytes in 1 blocks are still reachable in loss record 31 of 44
==5682==    at 0x483DD99: calloc (in /usr/lib/x86_64-linux-gnu/valgrind/vgpreload_memcheck-amd64-linux.so)
==5682==    by 0x4895C37: XOpenDisplay (in /usr/lib/x86_64-linux-gnu/libX11.so.6.3.0)
==5682==    by 0x4043E7: mlx_init (in /mnt/nfs/homes/tbrebion/Desktop/Github/cub3d/bin/cub3d)
==5682==    by 0x40286A: init_mlx (render.c:19)
==5682==    by 0x4024DA: main (cub3d.c:30)
==5682== 
==5682== 208 bytes in 1 blocks are still reachable in loss record 32 of 44
==5682==    at 0x483B7F3: malloc (in /usr/lib/x86_64-linux-gnu/valgrind/vgpreload_memcheck-amd64-linux.so)
==5682==    by 0x49B20F9: ??? (in /usr/lib/x86_64-linux-gnu/libXext.so.6.4.0)
==5682==    by 0x49B21AE: ??? (in /usr/lib/x86_64-linux-gnu/libXext.so.6.4.0)
==5682==    by 0x49B25A2: XextAddDisplay (in /usr/lib/x86_64-linux-gnu/libXext.so.6.4.0)
==5682==    by 0x49AD7B2: XShmQueryVersion (in /usr/lib/x86_64-linux-gnu/libXext.so.6.4.0)
==5682==    by 0x404223: mlx_int_deal_shm (in /mnt/nfs/homes/tbrebion/Desktop/Github/cub3d/bin/cub3d)
==5682==    by 0x4044A1: mlx_init (in /mnt/nfs/homes/tbrebion/Desktop/Github/cub3d/bin/cub3d)
==5682==    by 0x40286A: init_mlx (render.c:19)
==5682==    by 0x4024DA: main (cub3d.c:30)
==5682== 
==5682== 208 bytes in 1 blocks are still reachable in loss record 33 of 44
==5682==    at 0x483B7F3: malloc (in /usr/lib/x86_64-linux-gnu/valgrind/vgpreload_memcheck-amd64-linux.so)
==5682==    by 0x48A853E: _XEnq (in /usr/lib/x86_64-linux-gnu/libX11.so.6.3.0)
==5682==    by 0x48A50B6: ??? (in /usr/lib/x86_64-linux-gnu/libX11.so.6.3.0)
==5682==    by 0x48A5B10: _XReadEvents (in /usr/lib/x86_64-linux-gnu/libX11.so.6.3.0)
==5682==    by 0x48A4039: XWindowEvent (in /usr/lib/x86_64-linux-gnu/libX11.so.6.3.0)
==5682==    by 0x4049E5: mlx_int_wait_first_expose (in /mnt/nfs/homes/tbrebion/Desktop/Github/cub3d/bin/cub3d)
==5682==    by 0x40465D: mlx_new_window (in /mnt/nfs/homes/tbrebion/Desktop/Github/cub3d/bin/cub3d)
==5682==    by 0x4028A0: init_mlx (render.c:21)
==5682==    by 0x4024DA: main (cub3d.c:30)
==5682== 
==5682== 512 bytes in 1 blocks are still reachable in loss record 34 of 44
==5682==    at 0x483DD99: calloc (in /usr/lib/x86_64-linux-gnu/valgrind/vgpreload_memcheck-amd64-linux.so)
==5682==    by 0x48900BA: ??? (in /usr/lib/x86_64-linux-gnu/libX11.so.6.3.0)
==5682==    by 0x489043E: XInternAtom (in /usr/lib/x86_64-linux-gnu/libX11.so.6.3.0)
==5682==    by 0x40447B: mlx_init (in /mnt/nfs/homes/tbrebion/Desktop/Github/cub3d/bin/cub3d)
==5682==    by 0x40286A: init_mlx (render.c:19)
==5682==    by 0x4024DA: main (cub3d.c:30)
==5682== 
==5682== 832 bytes in 4 blocks are still reachable in loss record 35 of 44
==5682==    at 0x483B7F3: malloc (in /usr/lib/x86_64-linux-gnu/valgrind/vgpreload_memcheck-amd64-linux.so)
==5682==    by 0x48A853E: _XEnq (in /usr/lib/x86_64-linux-gnu/libX11.so.6.3.0)
==5682==    by 0x48A50B6: ??? (in /usr/lib/x86_64-linux-gnu/libX11.so.6.3.0)
==5682==    by 0x48A5B10: _XReadEvents (in /usr/lib/x86_64-linux-gnu/libX11.so.6.3.0)
==5682==    by 0x48A4070: XWindowEvent (in /usr/lib/x86_64-linux-gnu/libX11.so.6.3.0)
==5682==    by 0x4049E5: mlx_int_wait_first_expose (in /mnt/nfs/homes/tbrebion/Desktop/Github/cub3d/bin/cub3d)
==5682==    by 0x40465D: mlx_new_window (in /mnt/nfs/homes/tbrebion/Desktop/Github/cub3d/bin/cub3d)
==5682==    by 0x4028A0: init_mlx (render.c:21)
==5682==    by 0x4024DA: main (cub3d.c:30)
==5682== 
==5682== 832 bytes in 4 blocks are still reachable in loss record 36 of 44
==5682==    at 0x483B7F3: malloc (in /usr/lib/x86_64-linux-gnu/valgrind/vgpreload_memcheck-amd64-linux.so)
==5682==    by 0x48A853E: _XEnq (in /usr/lib/x86_64-linux-gnu/libX11.so.6.3.0)
==5682==    by 0x48A50B6: ??? (in /usr/lib/x86_64-linux-gnu/libX11.so.6.3.0)
==5682==    by 0x48A601C: _XReply (in /usr/lib/x86_64-linux-gnu/libX11.so.6.3.0)
==5682==    by 0x48A17F0: XSync (in /usr/lib/x86_64-linux-gnu/libX11.so.6.3.0)
==5682==    by 0x404C37: mlx_int_new_xshm_image (in /mnt/nfs/homes/tbrebion/Desktop/Github/cub3d/bin/cub3d)
==5682==    by 0x404E72: mlx_new_image (in /mnt/nfs/homes/tbrebion/Desktop/Github/cub3d/bin/cub3d)
==5682==    by 0x4028BF: init_mlx (render.c:22)
==5682==    by 0x4024DA: main (cub3d.c:30)
==5682== 
==5682== 1,248 bytes in 6 blocks are still reachable in loss record 37 of 44
==5682==    at 0x483B7F3: malloc (in /usr/lib/x86_64-linux-gnu/valgrind/vgpreload_memcheck-amd64-linux.so)
==5682==    by 0x48A853E: _XEnq (in /usr/lib/x86_64-linux-gnu/libX11.so.6.3.0)
==5682==    by 0x48A50B6: ??? (in /usr/lib/x86_64-linux-gnu/libX11.so.6.3.0)
==5682==    by 0x48A5B59: _XReadEvents (in /usr/lib/x86_64-linux-gnu/libX11.so.6.3.0)
==5682==    by 0x48A4039: XWindowEvent (in /usr/lib/x86_64-linux-gnu/libX11.so.6.3.0)
==5682==    by 0x4049E5: mlx_int_wait_first_expose (in /mnt/nfs/homes/tbrebion/Desktop/Github/cub3d/bin/cub3d)
==5682==    by 0x40465D: mlx_new_window (in /mnt/nfs/homes/tbrebion/Desktop/Github/cub3d/bin/cub3d)
==5682==    by 0x4028A0: init_mlx (render.c:21)
==5682==    by 0x4024DA: main (cub3d.c:30)
==5682== 
==5682== 1,456 bytes in 7 blocks are still reachable in loss record 38 of 44
==5682==    at 0x483B7F3: malloc (in /usr/lib/x86_64-linux-gnu/valgrind/vgpreload_memcheck-amd64-linux.so)
==5682==    by 0x48A853E: _XEnq (in /usr/lib/x86_64-linux-gnu/libX11.so.6.3.0)
==5682==    by 0x48A50B6: ??? (in /usr/lib/x86_64-linux-gnu/libX11.so.6.3.0)
==5682==    by 0x48A59E1: _XEventsQueued (in /usr/lib/x86_64-linux-gnu/libX11.so.6.3.0)
==5682==    by 0x4886CCD: XFlush (in /usr/lib/x86_64-linux-gnu/libX11.so.6.3.0)
==5682==    by 0x40472F: mlx_pixel_put (in /mnt/nfs/homes/tbrebion/Desktop/Github/cub3d/bin/cub3d)
==5682==    by 0x402831: draw (draw.c:56)
==5682==    by 0x402789: draw_map (draw.c:33)
==5682==    by 0x4024DF: main (cub3d.c:33)
==5682== 
==5682== 2,288 bytes in 11 blocks are still reachable in loss record 39 of 44
==5682==    at 0x483B7F3: malloc (in /usr/lib/x86_64-linux-gnu/valgrind/vgpreload_memcheck-amd64-linux.so)
==5682==    by 0x48A853E: _XEnq (in /usr/lib/x86_64-linux-gnu/libX11.so.6.3.0)
==5682==    by 0x48A50B6: ??? (in /usr/lib/x86_64-linux-gnu/libX11.so.6.3.0)
==5682==    by 0x48A5B59: _XReadEvents (in /usr/lib/x86_64-linux-gnu/libX11.so.6.3.0)
==5682==    by 0x48A4070: XWindowEvent (in /usr/lib/x86_64-linux-gnu/libX11.so.6.3.0)
==5682==    by 0x4049E5: mlx_int_wait_first_expose (in /mnt/nfs/homes/tbrebion/Desktop/Github/cub3d/bin/cub3d)
==5682==    by 0x40465D: mlx_new_window (in /mnt/nfs/homes/tbrebion/Desktop/Github/cub3d/bin/cub3d)
==5682==    by 0x4028A0: init_mlx (render.c:21)
==5682==    by 0x4024DA: main (cub3d.c:30)
==5682== 
==5682== 4,688 bytes in 1 blocks are still reachable in loss record 40 of 44
==5682==    at 0x483DD99: calloc (in /usr/lib/x86_64-linux-gnu/valgrind/vgpreload_memcheck-amd64-linux.so)
==5682==    by 0x4895371: XOpenDisplay (in /usr/lib/x86_64-linux-gnu/libX11.so.6.3.0)
==5682==    by 0x4043E7: mlx_init (in /mnt/nfs/homes/tbrebion/Desktop/Github/cub3d/bin/cub3d)
==5682==    by 0x40286A: init_mlx (render.c:19)
==5682==    by 0x4024DA: main (cub3d.c:30)
==5682== 
==5682== 5,684 bytes in 1 blocks are still reachable in loss record 41 of 44
==5682==    at 0x483DFAF: realloc (in /usr/lib/x86_64-linux-gnu/valgrind/vgpreload_memcheck-amd64-linux.so)
==5682==    by 0x4BB6A62: xcb_connect_to_fd (in /usr/lib/x86_64-linux-gnu/libxcb.so.1.1.0)
==5682==    by 0x4BBAB72: xcb_connect_to_display_with_auth_info (in /usr/lib/x86_64-linux-gnu/libxcb.so.1.1.0)
==5682==    by 0x48A4D29: _XConnectXCB (in /usr/lib/x86_64-linux-gnu/libX11.so.6.3.0)
==5682==    by 0x48953A8: XOpenDisplay (in /usr/lib/x86_64-linux-gnu/libX11.so.6.3.0)
==5682==    by 0x4043E7: mlx_init (in /mnt/nfs/homes/tbrebion/Desktop/Github/cub3d/bin/cub3d)
==5682==    by 0x40286A: init_mlx (render.c:19)
==5682==    by 0x4024DA: main (cub3d.c:30)
==5682== 
==5682== 12,768 bytes in 2 blocks are still reachable in loss record 42 of 44
==5682==    at 0x483DD99: calloc (in /usr/lib/x86_64-linux-gnu/valgrind/vgpreload_memcheck-amd64-linux.so)
==5682==    by 0x4895A24: XOpenDisplay (in /usr/lib/x86_64-linux-gnu/libX11.so.6.3.0)
==5682==    by 0x4043E7: mlx_init (in /mnt/nfs/homes/tbrebion/Desktop/Github/cub3d/bin/cub3d)
==5682==    by 0x40286A: init_mlx (render.c:19)
==5682==    by 0x4024DA: main (cub3d.c:30)
==5682== 
==5682== 16,384 bytes in 1 blocks are still reachable in loss record 43 of 44
==5682==    at 0x483DD99: calloc (in /usr/lib/x86_64-linux-gnu/valgrind/vgpreload_memcheck-amd64-linux.so)
==5682==    by 0x48956BF: XOpenDisplay (in /usr/lib/x86_64-linux-gnu/libX11.so.6.3.0)
==5682==    by 0x4043E7: mlx_init (in /mnt/nfs/homes/tbrebion/Desktop/Github/cub3d/bin/cub3d)
==5682==    by 0x40286A: init_mlx (render.c:19)
==5682==    by 0x4024DA: main (cub3d.c:30)
==5682== 
==5682== 21,168 bytes in 1 blocks are still reachable in loss record 44 of 44
==5682==    at 0x483DD99: calloc (in /usr/lib/x86_64-linux-gnu/valgrind/vgpreload_memcheck-amd64-linux.so)
==5682==    by 0x4BB6884: xcb_connect_to_fd (in /usr/lib/x86_64-linux-gnu/libxcb.so.1.1.0)
==5682==    by 0x4BBAB72: xcb_connect_to_display_with_auth_info (in /usr/lib/x86_64-linux-gnu/libxcb.so.1.1.0)
==5682==    by 0x48A4D29: _XConnectXCB (in /usr/lib/x86_64-linux-gnu/libX11.so.6.3.0)
==5682==    by 0x48953A8: XOpenDisplay (in /usr/lib/x86_64-linux-gnu/libX11.so.6.3.0)
==5682==    by 0x4043E7: mlx_init (in /mnt/nfs/homes/tbrebion/Desktop/Github/cub3d/bin/cub3d)
==5682==    by 0x40286A: init_mlx (render.c:19)
==5682==    by 0x4024DA: main (cub3d.c:30)
==5682== 
==5682== LEAK SUMMARY:
==5682==    definitely lost: 0 bytes in 0 blocks
==5682==    indirectly lost: 0 bytes in 0 blocks
==5682==      possibly lost: 0 bytes in 0 blocks
==5682==    still reachable: 70,393 bytes in 72 blocks
==5682==         suppressed: 0 bytes in 0 blocks
==5682== 
==5682== For lists of detected and suppressed errors, rerun with: -s
==5682== ERROR SUMMARY: 0 errors from 0 contexts (suppressed: 1 from 1)
